# JRE version: Java(TM) SE Runtime Environment (8.0_162-b12) (build 1.8.0_162-b12)
# Java VM: Java HotSpot(TM) 64-Bit Server VM (25.162-b12 mixed mode bsd-amd64 compressed oops)
Heap:
 PSYoungGen      total 425984K, used 22366K [0x00000007a0000000, 0x00000007be600000, 0x00000007c0000000)
  eden space 403456K, 0% used [0x00000007a0000000,0x00000007a0000000,0x00000007b8a00000)
  from space 22528K, 99% used [0x00000007b9900000,0x00000007baed7a70,0x00000007baf00000)
  to   space 47104K, 0% used [0x00000007bb800000,0x00000007bb800000,0x00000007be600000)
 ParOldGen       total 267264K, used 134601K [0x0000000760000000, 0x0000000770500000, 0x00000007a0000000)
  object space 267264K, 50% used [0x0000000760000000,0x0000000768372448,0x0000000770500000)
 Metaspace       used 151112K, capacity 164153K, committed 164224K, reserved 1191936K
  class space    used 18954K, capacity 21881K, committed 21888K, reserved 1048576K
GC Heap History (10 events):
Event: 6580.687 GC heap after
Heap after GC invocations=51 (full 4):
 PSYoungGen      total 459776K, used 14490K [0x00000007a0000000, 0x00000007c0000000, 0x00000007c0000000)
  eden space 400896K, 0% used [0x00000007a0000000,0x00000007a0000000,0x00000007b8780000)
  from space 58880K, 24% used [0x00000007b8780000,0x00000007b95a6978,0x00000007bc100000)
  to   space 56832K, 0% used [0x00000007bc880000,0x00000007bc880000,0x00000007c0000000)
 ParOldGen       total 267264K, used 131592K [0x0000000760000000, 0x0000000770500000, 0x00000007a0000000)
  object space 267264K, 49% used [0x0000000760000000,0x0000000768082148,0x0000000770500000)
 Metaspace       used 137756K, capacity 150441K, committed 150656K, reserved 1179648K
  class space    used 17465K, capacity 20321K, committed 20352K, reserved 1048576K
}
Event: 8814.111 GC heap before
{Heap before GC invocations=52 (full 4):
 PSYoungGen      total 459776K, used 414940K [0x00000007a0000000, 0x00000007c0000000, 0x00000007c0000000)
  eden space 400896K, 99% used [0x00000007a0000000,0x00000007b87107d0,0x00000007b8780000)
  from space 58880K, 24% used [0x00000007b8780000,0x00000007b95a6978,0x00000007bc100000)
  to   space 56832K, 0% used [0x00000007bc880000,0x00000007bc880000,0x00000007c0000000)
 ParOldGen       total 267264K, used 131592K [0x0000000760000000, 0x0000000770500000, 0x00000007a0000000)
  object space 267264K, 49% used [0x0000000760000000,0x0000000768082148,0x0000000770500000)
 Metaspace       used 137891K, capacity 150569K, committed 150656K, reserved 1179648K
  class space    used 17477K, capacity 20341K, committed 20352K, reserved 1048576K
Event: 8814.253 GC heap after
Heap after GC invocations=52 (full 4):
 PSYoungGen      total 457216K, used 22786K [0x00000007a0000000, 0x00000007bf800000, 0x00000007c0000000)
  eden space 408576K, 0% used [0x00000007a0000000,0x00000007a0000000,0x00000007b8f00000)
  from space 48640K, 46% used [0x00000007bc880000,0x00000007bdec0a48,0x00000007bf800000)
  to   space 53760K, 0% used [0x00000007b8f00000,0x00000007b8f00000,0x00000007bc380000)
 ParOldGen       total 267264K, used 131648K [0x0000000760000000, 0x0000000770500000, 0x00000007a0000000)
  object space 267264K, 49% used [0x0000000760000000,0x0000000768090148,0x0000000770500000)
 Metaspace       used 137891K, capacity 150569K, committed 150656K, reserved 1179648K
  class space    used 17477K, capacity 20341K, committed 20352K, reserved 1048576K
}
Event: 8817.187 GC heap before
{Heap before GC invocations=53 (full 4):
 PSYoungGen      total 457216K, used 430565K [0x00000007a0000000, 0x00000007bf800000, 0x00000007c0000000)
  eden space 408576K, 99% used [0x00000007a0000000,0x00000007b8e38b80,0x00000007b8f00000)
  from space 48640K, 46% used [0x00000007bc880000,0x00000007bdec0a48,0x00000007bf800000)
  to   space 53760K, 0% used [0x00000007b8f00000,0x00000007b8f00000,0x00000007bc380000)
 ParOldGen       total 267264K, used 131648K [0x0000000760000000, 0x0000000770500000, 0x00000007a0000000)
  object space 267264K, 49% used [0x0000000760000000,0x0000000768090148,0x0000000770500000)
 Metaspace       used 139198K, capacity 151893K, committed 152064K, reserved 1181696K
  class space    used 17585K, capacity 20445K, committed 20480K, reserved 1048576K
Event: 8817.237 GC heap after
Heap after GC invocations=53 (full 4):
 PSYoungGen      total 462336K, used 25956K [0x00000007a0000000, 0x00000007c0000000, 0x00000007c0000000)
  eden space 408576K, 0% used [0x00000007a0000000,0x00000007a0000000,0x00000007b8f00000)
  from space 53760K, 48% used [0x00000007b8f00000,0x00000007ba859280,0x00000007bc380000)
  to   space 51712K, 0% used [0x00000007bcd80000,0x00000007bcd80000,0x00000007c0000000)
 ParOldGen       total 267264K, used 132176K [0x0000000760000000, 0x0000000770500000, 0x00000007a0000000)
  object space 267264K, 49% used [0x0000000760000000,0x00000007681141a8,0x0000000770500000)
 Metaspace       used 139198K, capacity 151893K, committed 152064K, reserved 1181696K
  class space    used 17585K, capacity 20445K, committed 20480K, reserved 1048576K
}
Event: 12790.357 GC heap before
{Heap before GC invocations=54 (full 4):
 PSYoungGen      total 462336K, used 433222K [0x00000007a0000000, 0x00000007c0000000, 0x00000007c0000000)
  eden space 408576K, 99% used [0x00000007a0000000,0x00000007b8db85c0,0x00000007b8f00000)
  from space 53760K, 48% used [0x00000007b8f00000,0x00000007ba859280,0x00000007bc380000)
  to   space 51712K, 0% used [0x00000007bcd80000,0x00000007bcd80000,0x00000007c0000000)
 ParOldGen       total 267264K, used 132176K [0x0000000760000000, 0x0000000770500000, 0x00000007a0000000)
  object space 267264K, 49% used [0x0000000760000000,0x00000007681141a8,0x0000000770500000)
 Metaspace       used 139586K, capacity 152343K, committed 152448K, reserved 1181696K
  class space    used 17635K, capacity 20510K, committed 20608K, reserved 1048576K
Event: 12790.505 GC heap after
Heap after GC invocations=54 (full 4):
 PSYoungGen      total 464384K, used 25325K [0x00000007a0000000, 0x00000007bfa00000, 0x00000007c0000000)
  eden space 418816K, 0% used [0x00000007a0000000,0x00000007a0000000,0x00000007b9900000)
  from space 45568K, 55% used [0x00000007bcd80000,0x00000007be63b5c0,0x00000007bfa00000)
  to   space 49664K, 0% used [0x00000007b9900000,0x00000007b9900000,0x00000007bc980000)
 ParOldGen       total 267264K, used 134393K [0x0000000760000000, 0x0000000770500000, 0x00000007a0000000)
  object space 267264K, 50% used [0x0000000760000000,0x000000076833e448,0x0000000770500000)
 Metaspace       used 139586K, capacity 152343K, committed 152448K, reserved 1181696K
  class space    used 17635K, capacity 20510K, committed 20608K, reserved 1048576K
}
Event: 14473.176 GC heap before
{Heap before GC invocations=55 (full 4):
 PSYoungGen      total 464384K, used 328168K [0x00000007a0000000, 0x00000007bfa00000, 0x00000007c0000000)
  eden space 418816K, 72% used [0x00000007a0000000,0x00000007b27beb20,0x00000007b9900000)
  from space 45568K, 55% used [0x00000007bcd80000,0x00000007be63b5c0,0x00000007bfa00000)
  to   space 49664K, 0% used [0x00000007b9900000,0x00000007b9900000,0x00000007bc980000)
 ParOldGen       total 267264K, used 134393K [0x0000000760000000, 0x0000000770500000, 0x00000007a0000000)
  object space 267264K, 50% used [0x0000000760000000,0x000000076833e448,0x0000000770500000)
 Metaspace       used 151112K, capacity 164153K, committed 164224K, reserved 1191936K
  class space    used 18954K, capacity 21881K, committed 21888K, reserved 1048576K
Event: 14473.310 GC heap after
Heap after GC invocations=55 (full 4):
 PSYoungGen      total 425984K, used 22366K [0x00000007a0000000, 0x00000007be600000, 0x00000007c0000000)
  eden space 403456K, 0% used [0x00000007a0000000,0x00000007a0000000,0x00000007b8a00000)
  from space 22528K, 99% used [0x00000007b9900000,0x00000007baed7a70,0x00000007baf00000)
  to   space 47104K, 0% used [0x00000007bb800000,0x00000007bb800000,0x00000007be600000)
 ParOldGen       total 267264K, used 134601K [0x0000000760000000, 0x0000000770500000, 0x00000007a0000000)
  object space 267264K, 50% used [0x0000000760000000,0x0000000768372448,0x0000000770500000)
 Metaspace       used 151112K, capacity 164153K, committed 164224K, reserved 1191936K
  class space    used 18954K, capacity 21881K, committed 21888K, reserved 1048576K
}
Event: 14473.311 GC heap before
{Heap before GC invocations=56 (full 5):
 PSYoungGen      total 425984K, used 22366K [0x00000007a0000000, 0x00000007be600000, 0x00000007c0000000)
  eden space 403456K, 0% used [0x00000007a0000000,0x00000007a0000000,0x00000007b8a00000)
  from space 22528K, 99% used [0x00000007b9900000,0x00000007baed7a70,0x00000007baf00000)
  to   space 47104K, 0% used [0x00000007bb800000,0x00000007bb800000,0x00000007be600000)
 ParOldGen       total 267264K, used 134601K [0x0000000760000000, 0x0000000770500000, 0x00000007a0000000)
  object space 267264K, 50% used [0x0000000760000000,0x0000000768372448,0x0000000770500000)
 Metaspace       used 151112K, capacity 164153K, committed 164224K, reserved 1191936K
  class space    used 18954K, capacity 21881K, committed 21888K, reserved 1048576K

